2025-10-13 00:30:03,011 - aqt.main - INFO - installer 140443026353024 aqtinstall(aqt) v3.1.21 on Python 3.12.11 [CPython GCC 13.3.0]
2025-10-13 00:30:03,285 - aqt.main - INFO - installer 140636723391360 aqtinstall(aqt) v3.1.21 on Python 3.12.11 [CPython GCC 13.3.0]
2025-10-13 00:30:03,286 - aqt.helper - DEBUG - helper 140636723391360 Attempt to download checksum at https://download.qt.io/online/qtsdkrepository/linux_x64/desktop/qt6_683/qt6_683/Updates.xml.sha256
2025-10-13 00:30:04,864 - aqt.helper - DEBUG - helper 140636723391360 Attempt to download checksum at https://download.qt.io/online/qtsdkrepository/linux_x64/extensions/qtwebengine/683/x86_64/Updates.xml.sha256
2025-10-13 00:30:06,644 - aqt.archives - INFO - archives 140636723391360 Found extension qtwebengine
2025-10-13 00:30:06,645 - aqt.helper - DEBUG - helper 140636723391360 Attempt to download checksum at https://download.qt.io/online/qtsdkrepository/linux_x64/extensions/qtpdf/683/x86_64/Updates.xml.sha256
2025-10-13 00:30:08,240 - aqt.archives - INFO - archives 140636723391360 Found extension qtpdf
2025-10-13 00:30:09,453 - aqt.helper - DEBUG - helper 140710524287872 Attempt to download checksum at https://download.qt.io/online/qtsdkrepository/linux_x64/desktop/qt6_683/qt6_683/qt.qt6.683.linux_gcc_64/6.8.3-0-202503201345qtbase-Linux-RHEL_8_10-GCC-Linux-RHEL_8_10-X86_64.7z.sha256
2025-10-13 00:30:09,454 - aqt.helper - DEBUG - helper 139889017633664 Attempt to download checksum at https://download.qt.io/online/qtsdkrepository/linux_x64/desktop/qt6_683/qt6_683/qt.qt6.683.linux_gcc_64/6.8.3-0-202503201345qtdeclarative-Linux-RHEL_8_10-GCC-Linux-RHEL_8_10-X86_64.7z.sha256
2025-10-13 00:30:09,454 - aqt.helper - DEBUG - helper 140288233196416 Attempt to download checksum at https://download.qt.io/online/qtsdkrepository/linux_x64/desktop/qt6_683/qt6_683/qt.qt6.683.linux_gcc_64/6.8.3-0-202503201345qtsvg-Linux-RHEL_8_10-GCC-Linux-RHEL_8_10-X86_64.7z.sha256
2025-10-13 00:30:09,455 - aqt.helper - DEBUG - helper 140100210580352 Attempt to download checksum at https://download.qt.io/online/qtsdkrepository/linux_x64/desktop/qt6_683/qt6_683/qt.qt6.683.linux_gcc_64/6.8.3-0-202503201345qttools-Linux-RHEL_8_10-GCC-Linux-RHEL_8_10-X86_64.7z.sha256
2025-10-13 00:30:10,132 - aqt.helper - INFO - helper 140100210580352 Downloading qttools...
2025-10-13 00:30:10,133 - aqt.installer - DEBUG - installer 140100210580352 Download URL: https://download.qt.io/online/qtsdkrepository/linux_x64/desktop/qt6_683/qt6_683/qt.qt6.683.linux_gcc_64/6.8.3-0-202503201345qttools-Linux-RHEL_8_10-GCC-Linux-RHEL_8_10-X86_64.7z
2025-10-13 00:30:10,138 - aqt.helper - INFO - helper 139889017633664 Downloading qtdeclarative...
2025-10-13 00:30:10,139 - aqt.installer - DEBUG - installer 139889017633664 Download URL: https://download.qt.io/online/qtsdkrepository/linux_x64/desktop/qt6_683/qt6_683/qt.qt6.683.linux_gcc_64/6.8.3-0-202503201345qtdeclarative-Linux-RHEL_8_10-GCC-Linux-RHEL_8_10-X86_64.7z
2025-10-13 00:30:10,147 - aqt.helper - INFO - helper 140288233196416 Downloading qtsvg...
2025-10-13 00:30:10,147 - aqt.installer - DEBUG - installer 140288233196416 Download URL: https://download.qt.io/online/qtsdkrepository/linux_x64/desktop/qt6_683/qt6_683/qt.qt6.683.linux_gcc_64/6.8.3-0-202503201345qtsvg-Linux-RHEL_8_10-GCC-Linux-RHEL_8_10-X86_64.7z
2025-10-13 00:30:10,190 - aqt.helper - INFO - helper 140710524287872 Downloading qtbase...
2025-10-13 00:30:10,191 - aqt.installer - DEBUG - installer 140710524287872 Download URL: https://download.qt.io/online/qtsdkrepository/linux_x64/desktop/qt6_683/qt6_683/qt.qt6.683.linux_gcc_64/6.8.3-0-202503201345qtbase-Linux-RHEL_8_10-GCC-Linux-RHEL_8_10-X86_64.7z
2025-10-13 00:30:10,824 - aqt.helper - DEBUG - helper 140100210580352 Asked to redirect(302) to: https://qt.mirror.constant.com/online/qtsdkrepository/linux_x64/desktop/qt6_683/qt6_683/qt.qt6.683.linux_gcc_64/6.8.3-0-202503201345qttools-Linux-RHEL_8_10-GCC-Linux-RHEL_8_10-X86_64.7z
2025-10-13 00:30:10,824 - aqt.helper - INFO - helper 140100210580352 Redirected: qt.mirror.constant.com
2025-10-13 00:30:10,989 - aqt.helper - DEBUG - helper 140288233196416 Asked to redirect(302) to: https://qt.mirror.constant.com/online/qtsdkrepository/linux_x64/desktop/qt6_683/qt6_683/qt.qt6.683.linux_gcc_64/6.8.3-0-202503201345qtsvg-Linux-RHEL_8_10-GCC-Linux-RHEL_8_10-X86_64.7z
2025-10-13 00:30:10,989 - aqt.helper - INFO - helper 140288233196416 Redirected: qt.mirror.constant.com
2025-10-13 00:30:11,013 - aqt.helper - DEBUG - helper 139889017633664 Asked to redirect(302) to: https://qt.mirror.constant.com/online/qtsdkrepository/linux_x64/desktop/qt6_683/qt6_683/qt.qt6.683.linux_gcc_64/6.8.3-0-202503201345qtdeclarative-Linux-RHEL_8_10-GCC-Linux-RHEL_8_10-X86_64.7z
2025-10-13 00:30:11,013 - aqt.helper - INFO - helper 139889017633664 Redirected: qt.mirror.constant.com
2025-10-13 00:30:11,022 - aqt.helper - DEBUG - helper 140710524287872 Asked to redirect(302) to: https://qt.mirror.constant.com/online/qtsdkrepository/linux_x64/desktop/qt6_683/qt6_683/qt.qt6.683.linux_gcc_64/6.8.3-0-202503201345qtbase-Linux-RHEL_8_10-GCC-Linux-RHEL_8_10-X86_64.7z
2025-10-13 00:30:11,022 - aqt.helper - INFO - helper 140710524287872 Redirected: qt.mirror.constant.com
2025-10-13 00:30:12,103 - aqt.installer - INFO - installer 140288233196416 Finished installation of qtsvg-Linux-RHEL_8_10-GCC-Linux-RHEL_8_10-X86_64.7z in 2.65116495
2025-10-13 00:30:12,117 - aqt.helper - DEBUG - helper 140288233196416 Attempt to download checksum at https://download.qt.io/online/qtsdkrepository/linux_x64/desktop/qt6_683/qt6_683/qt.qt6.683.linux_gcc_64/6.8.3-0-202503201345qttranslations-Linux-RHEL_8_10-GCC-Linux-RHEL_8_10-X86_64.7z.sha256
2025-10-13 00:30:13,118 - aqt.helper - INFO - helper 140288233196416 Downloading qttranslations...
2025-10-13 00:30:13,119 - aqt.installer - DEBUG - installer 140288233196416 Download URL: https://download.qt.io/online/qtsdkrepository/linux_x64/desktop/qt6_683/qt6_683/qt.qt6.683.linux_gcc_64/6.8.3-0-202503201345qttranslations-Linux-RHEL_8_10-GCC-Linux-RHEL_8_10-X86_64.7z
2025-10-13 00:30:13,860 - aqt.helper - DEBUG - helper 140288233196416 Asked to redirect(302) to: https://qt.mirror.constant.com/online/qtsdkrepository/linux_x64/desktop/qt6_683/qt6_683/qt.qt6.683.linux_gcc_64/6.8.3-0-202503201345qttranslations-Linux-RHEL_8_10-GCC-Linux-RHEL_8_10-X86_64.7z
2025-10-13 00:30:13,860 - aqt.helper - INFO - helper 140288233196416 Redirected: qt.mirror.constant.com
2025-10-13 00:30:15,244 - aqt.installer - INFO - installer 140288233196416 Finished installation of qttranslations-Linux-RHEL_8_10-GCC-Linux-RHEL_8_10-X86_64.7z in 3.12793379
2025-10-13 00:30:15,265 - aqt.helper - DEBUG - helper 140288233196416 Attempt to download checksum at https://download.qt.io/online/qtsdkrepository/linux_x64/desktop/qt6_683/qt6_683/qt.qt6.683.linux_gcc_64/6.8.3-0-202503201345qtwayland-Linux-RHEL_8_10-GCC-Linux-RHEL_8_10-X86_64.7z.sha256
2025-10-13 00:30:15,628 - aqt.installer - INFO - installer 140100210580352 Finished installation of qttools-Linux-RHEL_8_10-GCC-Linux-RHEL_8_10-X86_64.7z in 6.17659166
2025-10-13 00:30:15,646 - aqt.helper - DEBUG - helper 140100210580352 Attempt to download checksum at https://download.qt.io/online/qtsdkrepository/linux_x64/desktop/qt6_683/qt6_683/qt.qt6.683.linux_gcc_64/6.8.3-0-202503201345icu-linux-Rhel8.6-x86_64.7z.sha256
2025-10-13 00:30:16,049 - aqt.helper - INFO - helper 140288233196416 Downloading qtwayland...
2025-10-13 00:30:16,050 - aqt.installer - DEBUG - installer 140288233196416 Download URL: https://download.qt.io/online/qtsdkrepository/linux_x64/desktop/qt6_683/qt6_683/qt.qt6.683.linux_gcc_64/6.8.3-0-202503201345qtwayland-Linux-RHEL_8_10-GCC-Linux-RHEL_8_10-X86_64.7z
2025-10-13 00:30:16,323 - aqt.helper - INFO - helper 140100210580352 Downloading icu...
2025-10-13 00:30:16,324 - aqt.installer - DEBUG - installer 140100210580352 Download URL: https://download.qt.io/online/qtsdkrepository/linux_x64/desktop/qt6_683/qt6_683/qt.qt6.683.linux_gcc_64/6.8.3-0-202503201345icu-linux-Rhel8.6-x86_64.7z
2025-10-13 00:30:16,733 - aqt.helper - DEBUG - helper 140288233196416 Asked to redirect(302) to: https://qt.mirror.constant.com/online/qtsdkrepository/linux_x64/desktop/qt6_683/qt6_683/qt.qt6.683.linux_gcc_64/6.8.3-0-202503201345qtwayland-Linux-RHEL_8_10-GCC-Linux-RHEL_8_10-X86_64.7z
2025-10-13 00:30:16,733 - aqt.helper - INFO - helper 140288233196416 Redirected: qt.mirror.constant.com
2025-10-13 00:30:17,002 - aqt.helper - DEBUG - helper 140100210580352 Asked to redirect(302) to: https://qt.mirror.constant.com/online/qtsdkrepository/linux_x64/desktop/qt6_683/qt6_683/qt.qt6.683.linux_gcc_64/6.8.3-0-202503201345icu-linux-Rhel8.6-x86_64.7z
2025-10-13 00:30:17,002 - aqt.helper - INFO - helper 140100210580352 Redirected: qt.mirror.constant.com
2025-10-13 00:30:17,607 - aqt.installer - INFO - installer 140710524287872 Finished installation of qtbase-Linux-RHEL_8_10-GCC-Linux-RHEL_8_10-X86_64.7z in 8.15681813
2025-10-13 00:30:17,757 - aqt.installer - INFO - installer 140288233196416 Finished installation of qtwayland-Linux-RHEL_8_10-GCC-Linux-RHEL_8_10-X86_64.7z in 2.49366255
2025-10-13 00:30:19,451 - aqt.installer - INFO - installer 140100210580352 Finished installation of icu-linux-Rhel8.6-x86_64.7z in 3.80694776
2025-10-13 00:30:25,656 - aqt.installer - INFO - installer 139889017633664 Finished installation of qtdeclarative-Linux-RHEL_8_10-GCC-Linux-RHEL_8_10-X86_64.7z in 16.20464250
2025-10-13 00:30:25,749 - aqt.updater - INFO - updater 140636723391360 Patching /home/runner/work/FreeCAD/Qt/6.8.3/gcc_64/bin/qmake
2025-10-13 00:30:25,753 - aqt.updater - INFO - updater 140636723391360 Patching /home/runner/work/FreeCAD/Qt/6.8.3/gcc_64/lib/pkgconfig/Qt6Sql.pc
2025-10-13 00:30:25,754 - aqt.updater - INFO - updater 140636723391360 Patching /home/runner/work/FreeCAD/Qt/6.8.3/gcc_64/lib/pkgconfig/Qt6Core.pc
2025-10-13 00:30:25,754 - aqt.updater - INFO - updater 140636723391360 Patching /home/runner/work/FreeCAD/Qt/6.8.3/gcc_64/lib/pkgconfig/Qt6SvgWidgets.pc
2025-10-13 00:30:25,754 - aqt.updater - INFO - updater 140636723391360 Patching /home/runner/work/FreeCAD/Qt/6.8.3/gcc_64/lib/pkgconfig/Qt6DBus.pc
2025-10-13 00:30:25,754 - aqt.updater - INFO - updater 140636723391360 Patching /home/runner/work/FreeCAD/Qt/6.8.3/gcc_64/lib/pkgconfig/Qt6Platform.pc
2025-10-13 00:30:25,755 - aqt.updater - INFO - updater 140636723391360 Patching /home/runner/work/FreeCAD/Qt/6.8.3/gcc_64/lib/pkgconfig/Qt6Qml.pc
2025-10-13 00:30:25,755 - aqt.updater - INFO - updater 140636723391360 Patching /home/runner/work/FreeCAD/Qt/6.8.3/gcc_64/lib/pkgconfig/Qt6UiPlugin.pc
2025-10-13 00:30:25,755 - aqt.updater - INFO - updater 140636723391360 Patching /home/runner/work/FreeCAD/Qt/6.8.3/gcc_64/lib/pkgconfig/Qt6QuickControls2UniversalStyleImpl.pc
2025-10-13 00:30:25,755 - aqt.updater - INFO - updater 140636723391360 Patching /home/runner/work/FreeCAD/Qt/6.8.3/gcc_64/lib/pkgconfig/Qt6QuickControls2BasicStyleImpl.pc
2025-10-13 00:30:25,756 - aqt.updater - INFO - updater 140636723391360 Patching /home/runner/work/FreeCAD/Qt/6.8.3/gcc_64/lib/pkgconfig/Qt6QuickControls2.pc
2025-10-13 00:30:25,756 - aqt.updater - INFO - updater 140636723391360 Patching /home/runner/work/FreeCAD/Qt/6.8.3/gcc_64/lib/pkgconfig/Qt6QuickControls2Fusion.pc
2025-10-13 00:30:25,756 - aqt.updater - INFO - updater 140636723391360 Patching /home/runner/work/FreeCAD/Qt/6.8.3/gcc_64/lib/pkgconfig/Qt6Network.pc
2025-10-13 00:30:25,756 - aqt.updater - INFO - updater 140636723391360 Patching /home/runner/work/FreeCAD/Qt/6.8.3/gcc_64/lib/pkgconfig/Qt6Help.pc
2025-10-13 00:30:25,757 - aqt.updater - INFO - updater 140636723391360 Patching /home/runner/work/FreeCAD/Qt/6.8.3/gcc_64/lib/pkgconfig/Qt6LabsWavefrontMesh.pc
2025-10-13 00:30:25,757 - aqt.updater - INFO - updater 140636723391360 Patching /home/runner/work/FreeCAD/Qt/6.8.3/gcc_64/lib/pkgconfig/Qt6QuickWidgets.pc
2025-10-13 00:30:25,757 - aqt.updater - INFO - updater 140636723391360 Patching /home/runner/work/FreeCAD/Qt/6.8.3/gcc_64/lib/pkgconfig/Qt6QuickDialogs2.pc
2025-10-13 00:30:25,757 - aqt.updater - INFO - updater 140636723391360 Patching /home/runner/work/FreeCAD/Qt/6.8.3/gcc_64/lib/pkgconfig/Qt6QuickControls2Material.pc
2025-10-13 00:30:25,758 - aqt.updater - INFO - updater 140636723391360 Patching /home/runner/work/FreeCAD/Qt/6.8.3/gcc_64/lib/pkgconfig/Qt6Xml.pc
2025-10-13 00:30:25,758 - aqt.updater - INFO - updater 140636723391360 Patching /home/runner/work/FreeCAD/Qt/6.8.3/gcc_64/lib/pkgconfig/Qt6QuickTemplates2.pc
2025-10-13 00:30:25,758 - aqt.updater - INFO - updater 140636723391360 Patching /home/runner/work/FreeCAD/Qt/6.8.3/gcc_64/lib/pkgconfig/Qt6UiTools.pc
2025-10-13 00:30:25,758 - aqt.updater - INFO - updater 140636723391360 Patching /home/runner/work/FreeCAD/Qt/6.8.3/gcc_64/lib/pkgconfig/Qt6Gui.pc
2025-10-13 00:30:25,759 - aqt.updater - INFO - updater 140636723391360 Patching /home/runner/work/FreeCAD/Qt/6.8.3/gcc_64/lib/pkgconfig/Qt6QuickControls2FluentWinUI3StyleImpl.pc
2025-10-13 00:30:25,759 - aqt.updater - INFO - updater 140636723391360 Patching /home/runner/work/FreeCAD/Qt/6.8.3/gcc_64/lib/pkgconfig/Qt6Designer.pc
2025-10-13 00:30:25,759 - aqt.updater - INFO - updater 140636723391360 Patching /home/runner/work/FreeCAD/Qt/6.8.3/gcc_64/lib/pkgconfig/Qt6QuickLayouts.pc
2025-10-13 00:30:25,759 - aqt.updater - INFO - updater 140636723391360 Patching /home/runner/work/FreeCAD/Qt/6.8.3/gcc_64/lib/pkgconfig/Qt6QmlIntegration.pc
2025-10-13 00:30:25,760 - aqt.updater - INFO - updater 140636723391360 Patching /home/runner/work/FreeCAD/Qt/6.8.3/gcc_64/lib/pkgconfig/Qt6PrintSupport.pc
2025-10-13 00:30:25,760 - aqt.updater - INFO - updater 140636723391360 Patching /home/runner/work/FreeCAD/Qt/6.8.3/gcc_64/lib/pkgconfig/Qt6LabsAnimation.pc
2025-10-13 00:30:25,760 - aqt.updater - INFO - updater 140636723391360 Patching /home/runner/work/FreeCAD/Qt/6.8.3/gcc_64/lib/pkgconfig/Qt6LabsSettings.pc
2025-10-13 00:30:25,760 - aqt.updater - INFO - updater 140636723391360 Patching /home/runner/work/FreeCAD/Qt/6.8.3/gcc_64/lib/pkgconfig/Qt6QuickControls2Universal.pc
2025-10-13 00:30:25,761 - aqt.updater - INFO - updater 140636723391360 Patching /home/runner/work/FreeCAD/Qt/6.8.3/gcc_64/lib/pkgconfig/Qt6Linguist.pc
2025-10-13 00:30:25,761 - aqt.updater - INFO - updater 140636723391360 Patching /home/runner/work/FreeCAD/Qt/6.8.3/gcc_64/lib/pkgconfig/Qt6QmlNetwork.pc
2025-10-13 00:30:25,761 - aqt.updater - INFO - updater 140636723391360 Patching /home/runner/work/FreeCAD/Qt/6.8.3/gcc_64/lib/pkgconfig/Qt6LabsFolderListModel.pc
2025-10-13 00:30:25,761 - aqt.updater - INFO - updater 140636723391360 Patching /home/runner/work/FreeCAD/Qt/6.8.3/gcc_64/lib/pkgconfig/Qt6QmlAssetDownloader.pc
2025-10-13 00:30:25,762 - aqt.updater - INFO - updater 140636723391360 Patching /home/runner/work/FreeCAD/Qt/6.8.3/gcc_64/lib/pkgconfig/Qt6QmlXmlListModel.pc
2025-10-13 00:30:25,762 - aqt.updater - INFO - updater 140636723391360 Patching /home/runner/work/FreeCAD/Qt/6.8.3/gcc_64/lib/pkgconfig/Qt6Concurrent.pc
2025-10-13 00:30:25,762 - aqt.updater - INFO - updater 140636723391360 Patching /home/runner/work/FreeCAD/Qt/6.8.3/gcc_64/lib/pkgconfig/Qt6OpenGL.pc
2025-10-13 00:30:25,762 - aqt.updater - INFO - updater 140636723391360 Patching /home/runner/work/FreeCAD/Qt/6.8.3/gcc_64/lib/pkgconfig/Qt6LabsQmlModels.pc
2025-10-13 00:30:25,763 - aqt.updater - INFO - updater 140636723391360 Patching /home/runner/work/FreeCAD/Qt/6.8.3/gcc_64/lib/pkgconfig/Qt6QuickVectorImage.pc
2025-10-13 00:30:25,763 - aqt.updater - INFO - updater 140636723391360 Patching /home/runner/work/FreeCAD/Qt/6.8.3/gcc_64/lib/pkgconfig/Qt6QuickControls2Imagine.pc
2025-10-13 00:30:25,763 - aqt.updater - INFO - updater 140636723391360 Patching /home/runner/work/FreeCAD/Qt/6.8.3/gcc_64/lib/pkgconfig/Qt6WaylandClient.pc
2025-10-13 00:30:25,763 - aqt.updater - INFO - updater 140636723391360 Patching /home/runner/work/FreeCAD/Qt/6.8.3/gcc_64/lib/pkgconfig/Qt6Svg.pc
2025-10-13 00:30:25,764 - aqt.updater - INFO - updater 140636723391360 Patching /home/runner/work/FreeCAD/Qt/6.8.3/gcc_64/lib/pkgconfig/Qt6QuickControls2MaterialStyleImpl.pc
2025-10-13 00:30:25,764 - aqt.updater - INFO - updater 140636723391360 Patching /home/runner/work/FreeCAD/Qt/6.8.3/gcc_64/lib/pkgconfig/Qt6QmlMeta.pc
2025-10-13 00:30:25,764 - aqt.updater - INFO - updater 140636723391360 Patching /home/runner/work/FreeCAD/Qt/6.8.3/gcc_64/lib/pkgconfig/Qt6Test.pc
2025-10-13 00:30:25,764 - aqt.updater - INFO - updater 140636723391360 Patching /home/runner/work/FreeCAD/Qt/6.8.3/gcc_64/lib/pkgconfig/Qt6Quick.pc
2025-10-13 00:30:25,764 - aqt.updater - INFO - updater 140636723391360 Patching /home/runner/work/FreeCAD/Qt/6.8.3/gcc_64/lib/pkgconfig/Qt6LabsPlatform.pc
2025-10-13 00:30:25,765 - aqt.updater - INFO - updater 140636723391360 Patching /home/runner/work/FreeCAD/Qt/6.8.3/gcc_64/lib/pkgconfig/Qt6QmlLocalStorage.pc
2025-10-13 00:30:25,765 - aqt.updater - INFO - updater 140636723391360 Patching /home/runner/work/FreeCAD/Qt/6.8.3/gcc_64/lib/pkgconfig/Qt6Widgets.pc
2025-10-13 00:30:25,765 - aqt.updater - INFO - updater 140636723391360 Patching /home/runner/work/FreeCAD/Qt/6.8.3/gcc_64/lib/pkgconfig/Qt6QmlCore.pc
2025-10-13 00:30:25,765 - aqt.updater - INFO - updater 140636723391360 Patching /home/runner/work/FreeCAD/Qt/6.8.3/gcc_64/lib/pkgconfig/Qt6LabsSharedImage.pc
2025-10-13 00:30:25,766 - aqt.updater - INFO - updater 140636723391360 Patching /home/runner/work/FreeCAD/Qt/6.8.3/gcc_64/lib/pkgconfig/Qt6OpenGLWidgets.pc
2025-10-13 00:30:25,766 - aqt.updater - INFO - updater 140636723391360 Patching /home/runner/work/FreeCAD/Qt/6.8.3/gcc_64/lib/pkgconfig/Qt6QuickControls2Impl.pc
2025-10-13 00:30:25,766 - aqt.updater - INFO - updater 140636723391360 Patching /home/runner/work/FreeCAD/Qt/6.8.3/gcc_64/lib/pkgconfig/Qt6QmlCompiler.pc
2025-10-13 00:30:25,766 - aqt.updater - INFO - updater 140636723391360 Patching /home/runner/work/FreeCAD/Qt/6.8.3/gcc_64/lib/pkgconfig/Qt6QuickDialogs2Utils.pc
2025-10-13 00:30:25,767 - aqt.updater - INFO - updater 140636723391360 Patching /home/runner/work/FreeCAD/Qt/6.8.3/gcc_64/lib/pkgconfig/Qt6QuickDialogs2QuickImpl.pc
2025-10-13 00:30:25,767 - aqt.updater - INFO - updater 140636723391360 Patching /home/runner/work/FreeCAD/Qt/6.8.3/gcc_64/lib/pkgconfig/Qt6QuickControls2Basic.pc
2025-10-13 00:30:25,767 - aqt.updater - INFO - updater 140636723391360 Patching /home/runner/work/FreeCAD/Qt/6.8.3/gcc_64/lib/pkgconfig/Qt6QuickControls2FusionStyleImpl.pc
2025-10-13 00:30:25,767 - aqt.updater - INFO - updater 140636723391360 Patching /home/runner/work/FreeCAD/Qt/6.8.3/gcc_64/lib/pkgconfig/Qt6QmlWorkerScript.pc
2025-10-13 00:30:25,768 - aqt.updater - INFO - updater 140636723391360 Patching /home/runner/work/FreeCAD/Qt/6.8.3/gcc_64/lib/pkgconfig/Qt6QuickTest.pc
2025-10-13 00:30:25,768 - aqt.updater - INFO - updater 140636723391360 Patching /home/runner/work/FreeCAD/Qt/6.8.3/gcc_64/lib/pkgconfig/Qt6QuickControls2ImagineStyleImpl.pc
2025-10-13 00:30:25,768 - aqt.updater - INFO - updater 140636723391360 Patching /home/runner/work/FreeCAD/Qt/6.8.3/gcc_64/lib/pkgconfig/Qt6QmlModels.pc
2025-10-13 00:30:25,769 - aqt.updater - INFO - updater 140636723391360 Patching /home/runner/work/FreeCAD/Qt/6.8.3/gcc_64/lib/libQt6Svg.prl
2025-10-13 00:30:25,769 - aqt.updater - INFO - updater 140636723391360 Patching /home/runner/work/FreeCAD/Qt/6.8.3/gcc_64/lib/libQt6OpenGL.prl
2025-10-13 00:30:25,770 - aqt.updater - INFO - updater 140636723391360 Patching /home/runner/work/FreeCAD/Qt/6.8.3/gcc_64/lib/libQt6QmlLocalStorage.prl
2025-10-13 00:30:25,770 - aqt.updater - INFO - updater 140636723391360 Patching /home/runner/work/FreeCAD/Qt/6.8.3/gcc_64/lib/libQt6QuickEffects.prl
2025-10-13 00:30:25,770 - aqt.updater - INFO - updater 140636723391360 Patching /home/runner/work/FreeCAD/Qt/6.8.3/gcc_64/lib/libQt6Gui.prl
2025-10-13 00:30:25,770 - aqt.updater - INFO - updater 140636723391360 Patching /home/runner/work/FreeCAD/Qt/6.8.3/gcc_64/lib/libQt6Network.prl
2025-10-13 00:30:25,770 - aqt.updater - INFO - updater 140636723391360 Patching /home/runner/work/FreeCAD/Qt/6.8.3/gcc_64/lib/libQt6QuickControls2FluentWinUI3StyleImpl.prl
2025-10-13 00:30:25,771 - aqt.updater - INFO - updater 140636723391360 Patching /home/runner/work/FreeCAD/Qt/6.8.3/gcc_64/lib/libQt6WaylandEglClientHwIntegration.prl
2025-10-13 00:30:25,771 - aqt.updater - INFO - updater 140636723391360 Patching /home/runner/work/FreeCAD/Qt/6.8.3/gcc_64/lib/libQt6Quick.prl
2025-10-13 00:30:25,771 - aqt.updater - INFO - updater 140636723391360 Patching /home/runner/work/FreeCAD/Qt/6.8.3/gcc_64/lib/libQt6QuickVectorImage.prl
2025-10-13 00:30:25,771 - aqt.updater - INFO - updater 140636723391360 Patching /home/runner/work/FreeCAD/Qt/6.8.3/gcc_64/lib/libQt6QuickControls2.prl
2025-10-13 00:30:25,772 - aqt.updater - INFO - updater 140636723391360 Patching /home/runner/work/FreeCAD/Qt/6.8.3/gcc_64/lib/libQt6QuickControls2BasicStyleImpl.prl
2025-10-13 00:30:25,772 - aqt.updater - INFO - updater 140636723391360 Patching /home/runner/work/FreeCAD/Qt/6.8.3/gcc_64/lib/libQt6QmlNetwork.prl
2025-10-13 00:30:25,772 - aqt.updater - INFO - updater 140636723391360 Patching /home/runner/work/FreeCAD/Qt/6.8.3/gcc_64/lib/libQt6ExampleIcons.prl
2025-10-13 00:30:25,772 - aqt.updater - INFO - updater 140636723391360 Patching /home/runner/work/FreeCAD/Qt/6.8.3/gcc_64/lib/libQt6WlShellIntegration.prl
2025-10-13 00:30:25,773 - aqt.updater - INFO - updater 140636723391360 Patching /home/runner/work/FreeCAD/Qt/6.8.3/gcc_64/lib/libQt6LabsQmlModels.prl
2025-10-13 00:30:25,773 - aqt.updater - INFO - updater 140636723391360 Patching /home/runner/work/FreeCAD/Qt/6.8.3/gcc_64/lib/libQt6QuickDialogs2.prl
2025-10-13 00:30:25,773 - aqt.updater - INFO - updater 140636723391360 Patching /home/runner/work/FreeCAD/Qt/6.8.3/gcc_64/lib/libQt6QuickVectorImageGenerator.prl
2025-10-13 00:30:25,773 - aqt.updater - INFO - updater 140636723391360 Patching /home/runner/work/FreeCAD/Qt/6.8.3/gcc_64/lib/libQt6DesignerComponents.prl
2025-10-13 00:30:25,774 - aqt.updater - INFO - updater 140636723391360 Patching /home/runner/work/FreeCAD/Qt/6.8.3/gcc_64/lib/libQt6FbSupport.prl
2025-10-13 00:30:25,774 - aqt.updater - INFO - updater 140636723391360 Patching /home/runner/work/FreeCAD/Qt/6.8.3/gcc_64/lib/libQt6SvgWidgets.prl
2025-10-13 00:30:25,774 - aqt.updater - INFO - updater 140636723391360 Patching /home/runner/work/FreeCAD/Qt/6.8.3/gcc_64/lib/libQt6QuickWidgets.prl
2025-10-13 00:30:25,774 - aqt.updater - INFO - updater 140636723391360 Patching /home/runner/work/FreeCAD/Qt/6.8.3/gcc_64/lib/libQt6QmlMeta.prl
2025-10-13 00:30:25,775 - aqt.updater - INFO - updater 140636723391360 Patching /home/runner/work/FreeCAD/Qt/6.8.3/gcc_64/lib/libQt6QmlWorkerScript.prl
2025-10-13 00:30:25,775 - aqt.updater - INFO - updater 140636723391360 Patching /home/runner/work/FreeCAD/Qt/6.8.3/gcc_64/lib/libQt6LabsFolderListModel.prl
2025-10-13 00:30:25,775 - aqt.updater - INFO - updater 140636723391360 Patching /home/runner/work/FreeCAD/Qt/6.8.3/gcc_64/lib/libQt6QuickDialogs2Utils.prl
2025-10-13 00:30:25,775 - aqt.updater - INFO - updater 140636723391360 Patching /home/runner/work/FreeCAD/Qt/6.8.3/gcc_64/lib/libQt6QuickControls2ImagineStyleImpl.prl
2025-10-13 00:30:25,775 - aqt.updater - INFO - updater 140636723391360 Patching /home/runner/work/FreeCAD/Qt/6.8.3/gcc_64/lib/libQt6QmlToolingSettings.prl
2025-10-13 00:30:25,776 - aqt.updater - INFO - updater 140636723391360 Patching /home/runner/work/FreeCAD/Qt/6.8.3/gcc_64/lib/libQt6QmlLS.prl
2025-10-13 00:30:25,776 - aqt.updater - INFO - updater 140636723391360 Patching /home/runner/work/FreeCAD/Qt/6.8.3/gcc_64/lib/libQt6QuickTest.prl
2025-10-13 00:30:25,776 - aqt.updater - INFO - updater 140636723391360 Patching /home/runner/work/FreeCAD/Qt/6.8.3/gcc_64/lib/libQt6QuickControlsTestUtils.prl
2025-10-13 00:30:25,776 - aqt.updater - INFO - updater 140636723391360 Patching /home/runner/work/FreeCAD/Qt/6.8.3/gcc_64/lib/libQt6Concurrent.prl
2025-10-13 00:30:25,777 - aqt.updater - INFO - updater 140636723391360 Patching /home/runner/work/FreeCAD/Qt/6.8.3/gcc_64/lib/libQt6KmsSupport.prl
2025-10-13 00:30:25,777 - aqt.updater - INFO - updater 140636723391360 Patching /home/runner/work/FreeCAD/Qt/6.8.3/gcc_64/lib/libQt6QuickControls2MaterialStyleImpl.prl
2025-10-13 00:30:25,777 - aqt.updater - INFO - updater 140636723391360 Patching /home/runner/work/FreeCAD/Qt/6.8.3/gcc_64/lib/libQt6Help.prl
2025-10-13 00:30:25,777 - aqt.updater - INFO - updater 140636723391360 Patching /home/runner/work/FreeCAD/Qt/6.8.3/gcc_64/lib/libQt6Xml.prl
2025-10-13 00:30:25,778 - aqt.updater - INFO - updater 140636723391360 Patching /home/runner/work/FreeCAD/Qt/6.8.3/gcc_64/lib/libQt6EglFsKmsGbmSupport.prl
2025-10-13 00:30:25,778 - aqt.updater - INFO - updater 140636723391360 Patching /home/runner/work/FreeCAD/Qt/6.8.3/gcc_64/lib/libQt6DBus.prl
2025-10-13 00:30:25,778 - aqt.updater - INFO - updater 140636723391360 Patching /home/runner/work/FreeCAD/Qt/6.8.3/gcc_64/lib/libQt6QuickDialogs2QuickImpl.prl
2025-10-13 00:30:25,778 - aqt.updater - INFO - updater 140636723391360 Patching /home/runner/work/FreeCAD/Qt/6.8.3/gcc_64/lib/libQt6EglFSDeviceIntegration.prl
2025-10-13 00:30:25,779 - aqt.updater - INFO - updater 140636723391360 Patching /home/runner/work/FreeCAD/Qt/6.8.3/gcc_64/lib/libQt6InputSupport.prl
2025-10-13 00:30:25,779 - aqt.updater - INFO - updater 140636723391360 Patching /home/runner/work/FreeCAD/Qt/6.8.3/gcc_64/lib/libQt6Widgets.prl
2025-10-13 00:30:25,779 - aqt.updater - INFO - updater 140636723391360 Patching /home/runner/work/FreeCAD/Qt/6.8.3/gcc_64/lib/libQt6Sql.prl
2025-10-13 00:30:25,779 - aqt.updater - INFO - updater 140636723391360 Patching /home/runner/work/FreeCAD/Qt/6.8.3/gcc_64/lib/libQt6QuickTestUtils.prl
2025-10-13 00:30:25,779 - aqt.updater - INFO - updater 140636723391360 Patching /home/runner/work/FreeCAD/Qt/6.8.3/gcc_64/lib/libQt6QmlModels.prl
2025-10-13 00:30:25,780 - aqt.updater - INFO - updater 140636723391360 Patching /home/runner/work/FreeCAD/Qt/6.8.3/gcc_64/lib/libQt6QuickControls2Basic.prl
2025-10-13 00:30:25,780 - aqt.updater - INFO - updater 140636723391360 Patching /home/runner/work/FreeCAD/Qt/6.8.3/gcc_64/lib/libQt6QuickTemplates2.prl
2025-10-13 00:30:25,780 - aqt.updater - INFO - updater 140636723391360 Patching /home/runner/work/FreeCAD/Qt/6.8.3/gcc_64/lib/libQt6UiTools.prl
2025-10-13 00:30:25,780 - aqt.updater - INFO - updater 140636723391360 Patching /home/runner/work/FreeCAD/Qt/6.8.3/gcc_64/lib/libQt6QmlDebug.prl
2025-10-13 00:30:25,781 - aqt.updater - INFO - updater 140636723391360 Patching /home/runner/work/FreeCAD/Qt/6.8.3/gcc_64/lib/libQt6QuickControls2Imagine.prl
2025-10-13 00:30:25,781 - aqt.updater - INFO - updater 140636723391360 Patching /home/runner/work/FreeCAD/Qt/6.8.3/gcc_64/lib/libQt6WaylandClient.prl
2025-10-13 00:30:25,781 - aqt.updater - INFO - updater 140636723391360 Patching /home/runner/work/FreeCAD/Qt/6.8.3/gcc_64/lib/libQt6PacketProtocol.prl
2025-10-13 00:30:25,781 - aqt.updater - INFO - updater 140636723391360 Patching /home/runner/work/FreeCAD/Qt/6.8.3/gcc_64/lib/libQt6OpenGLWidgets.prl
2025-10-13 00:30:25,782 - aqt.updater - INFO - updater 140636723391360 Patching /home/runner/work/FreeCAD/Qt/6.8.3/gcc_64/lib/libQt6LabsPlatform.prl
2025-10-13 00:30:25,782 - aqt.updater - INFO - updater 140636723391360 Patching /home/runner/work/FreeCAD/Qt/6.8.3/gcc_64/lib/libQt6Core.prl
2025-10-13 00:30:25,782 - aqt.updater - INFO - updater 140636723391360 Patching /home/runner/work/FreeCAD/Qt/6.8.3/gcc_64/lib/libQt6QuickControls2FusionStyleImpl.prl
2025-10-13 00:30:25,782 - aqt.updater - INFO - updater 140636723391360 Patching /home/runner/work/FreeCAD/Qt/6.8.3/gcc_64/lib/libQt6LabsSettings.prl
2025-10-13 00:30:25,783 - aqt.updater - INFO - updater 140636723391360 Patching /home/runner/work/FreeCAD/Qt/6.8.3/gcc_64/lib/libQt6QmlDom.prl
2025-10-13 00:30:25,783 - aqt.updater - INFO - updater 140636723391360 Patching /home/runner/work/FreeCAD/Qt/6.8.3/gcc_64/lib/libQt6Qml.prl
2025-10-13 00:30:25,783 - aqt.updater - INFO - updater 140636723391360 Patching /home/runner/work/FreeCAD/Qt/6.8.3/gcc_64/lib/libQt6QuickControls2UniversalStyleImpl.prl
2025-10-13 00:30:25,783 - aqt.updater - INFO - updater 140636723391360 Patching /home/runner/work/FreeCAD/Qt/6.8.3/gcc_64/lib/libQt6QuickLayouts.prl
2025-10-13 00:30:25,784 - aqt.updater - INFO - updater 140636723391360 Patching /home/runner/work/FreeCAD/Qt/6.8.3/gcc_64/lib/libQt6QuickControls2Impl.prl
2025-10-13 00:30:25,784 - aqt.updater - INFO - updater 140636723391360 Patching /home/runner/work/FreeCAD/Qt/6.8.3/gcc_64/lib/libQt6XcbQpa.prl
2025-10-13 00:30:25,784 - aqt.updater - INFO - updater 140636723391360 Patching /home/runner/work/FreeCAD/Qt/6.8.3/gcc_64/lib/libQt6QuickShapes.prl
2025-10-13 00:30:25,784 - aqt.updater - INFO - updater 140636723391360 Patching /home/runner/work/FreeCAD/Qt/6.8.3/gcc_64/lib/libQt6DeviceDiscoverySupport.prl
2025-10-13 00:30:25,785 - aqt.updater - INFO - updater 140636723391360 Patching /home/runner/work/FreeCAD/Qt/6.8.3/gcc_64/lib/libQt6QmlCompiler.prl
2025-10-13 00:30:25,785 - aqt.updater - INFO - updater 140636723391360 Patching /home/runner/work/FreeCAD/Qt/6.8.3/gcc_64/lib/libQt6QuickParticles.prl
2025-10-13 00:30:25,785 - aqt.updater - INFO - updater 140636723391360 Patching /home/runner/work/FreeCAD/Qt/6.8.3/gcc_64/lib/libQt6QuickControls2Universal.prl
2025-10-13 00:30:25,785 - aqt.updater - INFO - updater 140636723391360 Patching /home/runner/work/FreeCAD/Qt/6.8.3/gcc_64/lib/libQt6LabsWavefrontMesh.prl
2025-10-13 00:30:25,786 - aqt.updater - INFO - updater 140636723391360 Patching /home/runner/work/FreeCAD/Qt/6.8.3/gcc_64/lib/libQt6QmlXmlListModel.prl
2025-10-13 00:30:25,786 - aqt.updater - INFO - updater 140636723391360 Patching /home/runner/work/FreeCAD/Qt/6.8.3/gcc_64/lib/libQt6EglFsKmsSupport.prl
2025-10-13 00:30:25,786 - aqt.updater - INFO - updater 140636723391360 Patching /home/runner/work/FreeCAD/Qt/6.8.3/gcc_64/lib/libQt6LabsSharedImage.prl
2025-10-13 00:30:25,786 - aqt.updater - INFO - updater 140636723391360 Patching /home/runner/work/FreeCAD/Qt/6.8.3/gcc_64/lib/libQt6PrintSupport.prl
2025-10-13 00:30:25,787 - aqt.updater - INFO - updater 140636723391360 Patching /home/runner/work/FreeCAD/Qt/6.8.3/gcc_64/lib/libQt6QuickControls2Fusion.prl
2025-10-13 00:30:25,787 - aqt.updater - INFO - updater 140636723391360 Patching /home/runner/work/FreeCAD/Qt/6.8.3/gcc_64/lib/libQt6Designer.prl
2025-10-13 00:30:25,787 - aqt.updater - INFO - updater 140636723391360 Patching /home/runner/work/FreeCAD/Qt/6.8.3/gcc_64/lib/libQt6ExamplesAssetDownloader.prl
2025-10-13 00:30:25,787 - aqt.updater - INFO - updater 140636723391360 Patching /home/runner/work/FreeCAD/Qt/6.8.3/gcc_64/lib/libQt6QmlTypeRegistrar.prl
2025-10-13 00:30:25,788 - aqt.updater - INFO - updater 140636723391360 Patching /home/runner/work/FreeCAD/Qt/6.8.3/gcc_64/lib/libQt6LabsAnimation.prl
2025-10-13 00:30:25,788 - aqt.updater - INFO - updater 140636723391360 Patching /home/runner/work/FreeCAD/Qt/6.8.3/gcc_64/lib/libQt6QuickControls2Material.prl
2025-10-13 00:30:25,788 - aqt.updater - INFO - updater 140636723391360 Patching /home/runner/work/FreeCAD/Qt/6.8.3/gcc_64/lib/libQt6QmlCore.prl
2025-10-13 00:30:25,788 - aqt.updater - INFO - updater 140636723391360 Patching /home/runner/work/FreeCAD/Qt/6.8.3/gcc_64/lib/libQt6QmlAssetDownloader.prl
2025-10-13 00:30:25,789 - aqt.updater - INFO - updater 140636723391360 Patching /home/runner/work/FreeCAD/Qt/6.8.3/gcc_64/lib/libQt6Test.prl
2025-10-13 00:30:25,789 - aqt.main - INFO - installer 140636723391360 Finished installation
2025-10-13 00:30:25,789 - aqt.main - INFO - installer 140636723391360 Time elapsed: 22.50356370 second
